#
# A fatal error has been detected by the Java Runtime Environment:
#
#  SIGBUS (0xa) at pc=0x00007fff6fd72d09, pid=84138, tid=0x0000000000003f13
#
# JRE version: Java(TM) SE Runtime Environment (8.0_112-b16) (build 1.8.0_112-b16)
# Java VM: Java HotSpot(TM) 64-Bit Server VM (25.112-b16 mixed mode bsd-amd64 compressed oops)
# Problematic frame:
# C  [libsystem_platform.dylib+0x1d09]  _platform_memmove$VARIANT$Haswell+0x29
#
# Failed to write core dump. Core dumps have been disabled. To enable core dumping, try "ulimit -c unlimited" before starting Java again
#
# If you would like to submit a bug report, please visit:
#   http://bugreport.java.com/bugreport/crash.jsp
# The crash happened outside the Java Virtual Machine in native code.
# See problematic frame for where to report the bug.
#

---------------  T H R E A D  ---------------

Current thread (0x00007fb35cad7000):  JavaThread "restartedMain" [_thread_in_native, id=16147, stack(0x000070000f0b5000,0x000070000f1b5000)]

siginfo: si_signo: 10 (SIGBUS), si_code: 2 (BUS_ADRERR), si_addr: 0x000000010c56b000

Registers:
RAX=0x00007fb35eb56a00, RBX=0x000000010c5587df, RCX=0x0000000000000e63, RDX=0x0000000000006f77
RSP=0x000070000f1b28a0, RBP=0x000070000f1b28a0, RSI=0x000000010c56b000, RDI=0x00007fb35eb5cb14
R8 =0x00007fb35eb97800, R9 =0x00000000000081bf, R10=0x00007fb35e800000, R11=0x00007fb2525f1b14
R12=0x000000007270732f, R13=0x0000000069727053, R14=0x00007fb35eb56a00, R15=0x0000000000006f77
RIP=0x00007fff6fd72d09, EFLAGS=0x0000000000010206, ERR=0x0000000000000004
  TRAPNO=0x000000000000000e

Top of Stack: (sp=0x000070000f1b28a0)
0x000070000f1b28a0:   000070000f1b2910 0000000104ce5399
0x000070000f1b28b0:   0000006d0f1b2910 0000000000000065
0x000070000f1b28c0:   0000000000006f77 00007fb35eb4a200
0x000070000f1b28d0:   0000000000006172 00007fb35941fa00
0x000070000f1b28e0:   00007fb35bff4610 00007fb35941fa00
0x000070000f1b28f0:   00007fb35a1e4000 0000000000000780
0x000070000f1b2900:   0000000085a8cfdd 00007fb359744c90
0x000070000f1b2910:   000070000f1b2970 0000000104ce552d
0x000070000f1b2920:   000070000f1b29a8 000070000f1b29a7
0x000070000f1b2930:   0000001800000000 0000001901ad7000
0x000070000f1b2940:   000070000f1b298e 000070000f1b2dd8
0x000070000f1b2950:   0000000000000019 000070000f1b298e
0x000070000f1b2960:   00007fb35941fa00 00007fb35cad71f8
0x000070000f1b2970:   000070000f1b2dc0 0000000104ce4238
0x000070000f1b2980:   000070000f1b29a0 454d000100000001
0x000070000f1b2990:   732f464e492d4154 61662e676e697270
0x000070000f1b29a0:   00736569726f7463 0000000105a6dd00
0x000070000f1b29b0:   000070000f1b2a90 000070000f1b2ac0
0x000070000f1b29c0:   000070000f1b29e0 0000000105a68636
0x000070000f1b29d0:   000070000f1b2ac0 000070000f1b4988
0x000070000f1b29e0:   000070000f1b2a20 000000010584be78
0x000070000f1b29f0:   000070000f1b2a50 000070000f1b2ac0
0x000070000f1b2a00:   000070000f1b2ac0 ffffffffffffffff
0x000070000f1b2a10:   0000700008feacf0 00007fb35e99e918
0x000070000f1b2a20:   000070000f1b2a50 000000010584c17b
0x000070000f1b2a30:   000070000f1b2af0 00000000ffffffff
0x000070000f1b2a40:   000070000f1b2ac0 00007fb35e99ef10
0x000070000f1b2a50:   000070000f1b2ab0 000000010584ab45
0x000070000f1b2a60:   000070000dd8f620 0000000111bfa040
0x000070000f1b2a70:   0000000111bf75d0 00007fb300000000
0x000070000f1b2a80:   000070000f1b4968 0000700008fe9720
0x000070000f1b2a90:   0000000110374938 00007fb35e99e910 

Instructions: (pc=0x00007fff6fd72d09)
0x00007fff6fd72ce9:   f3 48 89 f8 49 39 d3 72 1b 48 83 fa 60 76 2f 48
0x00007fff6fd72cf9:   81 fa 00 40 00 00 0f 82 cb 00 00 00 48 89 d1 fc
0x00007fff6fd72d09:   f3 a4 5d c3 48 39 fe 74 f9 48 01 d6 48 01 d7 48
0x00007fff6fd72d19:   83 fa 60 0f 82 8c 01 00 00 e9 a9 01 00 00 48 83 

Register to memory mapping:

RAX=0x00007fb35eb56a00 is an unknown value
RBX=0x000000010c5587df is an unknown value
RCX=0x0000000000000e63 is an unknown value
RDX=0x0000000000006f77 is an unknown value
RSP=0x000070000f1b28a0 is pointing into the stack for thread: 0x00007fb35cad7000
RBP=0x000070000f1b28a0 is pointing into the stack for thread: 0x00007fb35cad7000
RSI=0x000000010c56b000 is an unknown value
RDI=0x00007fb35eb5cb14 is an unknown value
R8 =0x00007fb35eb97800 is an unknown value
R9 =0x00000000000081bf is an unknown value
R10=0x00007fb35e800000 is an unknown value
R11=0x00007fb2525f1b14 is an unknown value
R12=0x000000007270732f is an unknown value
R13=0x0000000069727053 is an unknown value
R14=0x00007fb35eb56a00 is an unknown value
R15=0x0000000000006f77 is an unknown value


Stack: [0x000070000f0b5000,0x000070000f1b5000],  sp=0x000070000f1b28a0,  free space=1014k
Native frames: (J=compiled Java code, j=interpreted, Vv=VM code, C=native code)
C  [libsystem_platform.dylib+0x1d09]  _platform_memmove$VARIANT$Haswell+0x29
C  [libzip.dylib+0x3399]  newEntry+0x65b
C  [libzip.dylib+0x352d]  ZIP_GetEntry2+0xd4
C  [libzip.dylib+0x2238]  Java_java_util_zip_ZipFile_getEntry+0xcf
J 102  java.util.zip.ZipFile.getEntry(J[BZ)J (0 bytes) @ 0x0000000111d2828e [0x0000000111d281c0+0xce]
J 3478 C2 java.util.jar.JarFile.getEntry(Ljava/lang/String;)Ljava/util/zip/ZipEntry; (22 bytes) @ 0x0000000112385574 [0x0000000112385200+0x374]
J 974 C2 sun.misc.URLClassPath$JarLoader.findResource(Ljava/lang/String;Z)Ljava/net/URL; (18 bytes) @ 0x0000000111f32624 [0x0000000111f325a0+0x84]
J 3254 C1 sun.misc.URLClassPath$1.next()Z (63 bytes) @ 0x0000000112675acc [0x0000000112675960+0x16c]
J 4845 C1 sun.misc.URLClassPath$1.hasMoreElements()Z (5 bytes) @ 0x000000011269823c [0x00000001126981c0+0x7c]
J 3640 C1 java.net.URLClassLoader$3$1.run()Ljava/lang/Object; (5 bytes) @ 0x0000000111d83cd4 [0x0000000111d83b60+0x174]
v  ~StubRoutines::call_stub
V  [libjvm.dylib+0x2edbd2]
V  [libjvm.dylib+0x34e310]
J 976  java.security.AccessController.doPrivileged(Ljava/security/PrivilegedAction;Ljava/security/AccessControlContext;)Ljava/lang/Object; (0 bytes) @ 0x0000000111f28dd5 [0x0000000111f28d00+0xd5]
J 3247 C1 java.net.URLClassLoader$3.next()Z (73 bytes) @ 0x0000000112670c34 [0x0000000112670a60+0x1d4]
J 3253 C1 java.net.URLClassLoader$3.hasMoreElements()Z (5 bytes) @ 0x000000011267613c [0x00000001126760c0+0x7c]
J 3252 C1 sun.misc.CompoundEnumeration.next()Z (58 bytes) @ 0x00000001126701c4 [0x0000000112670020+0x1a4]
J 3639 C1 sun.misc.CompoundEnumeration.hasMoreElements()Z (5 bytes) @ 0x000000011269347c [0x0000000112693400+0x7c]
j  org.springframework.core.io.support.SpringFactoriesLoader.loadSpringFactories(Ljava/lang/ClassLoader;)Ljava/util/Map;+47
j  org.springframework.core.io.support.SpringFactoriesLoader.loadFactoryNames(Ljava/lang/Class;Ljava/lang/ClassLoader;)Ljava/util/List;+6
j  org.springframework.boot.SpringApplication.getSpringFactoriesInstances(Ljava/lang/Class;[Ljava/lang/Class;[Ljava/lang/Object;)Ljava/util/Collection;+13
j  org.springframework.boot.SpringApplication.getSpringFactoriesInstances(Ljava/lang/Class;)Ljava/util/Collection;+10
j  org.springframework.boot.SpringApplication.<init>(Lorg/springframework/core/io/ResourceLoader;[Ljava/lang/Class;)V+105
j  org.springframework.boot.SpringApplication.<init>([Ljava/lang/Class;)V+3
j  org.springframework.boot.SpringApplication.run([Ljava/lang/Class;[Ljava/lang/String;)Lorg/springframework/context/ConfigurableApplicationContext;+5
j  org.springframework.boot.SpringApplication.run(Ljava/lang/Class;[Ljava/lang/String;)Lorg/springframework/context/ConfigurableApplicationContext;+9
j  com.example.resfulwebservices.ResfulWebServicesApplication.main([Ljava/lang/String;)V+3
v  ~StubRoutines::call_stub
V  [libjvm.dylib+0x2edbd2]
V  [libjvm.dylib+0x4d28c0]
V  [libjvm.dylib+0x4d2df4]
V  [libjvm.dylib+0x345fb4]
J 1523  sun.reflect.NativeMethodAccessorImpl.invoke0(Ljava/lang/reflect/Method;Ljava/lang/Object;[Ljava/lang/Object;)Ljava/lang/Object; (0 bytes) @ 0x000000011207eeed [0x000000011207ee00+0xed]
J 1522 C1 sun.reflect.NativeMethodAccessorImpl.invoke(Ljava/lang/Object;[Ljava/lang/Object;)Ljava/lang/Object; (104 bytes) @ 0x0000000112080494 [0x000000011207f2c0+0x11d4]
J 5120 C2 sun.reflect.DelegatingMethodAccessorImpl.invoke(Ljava/lang/Object;[Ljava/lang/Object;)Ljava/lang/Object; (10 bytes) @ 0x0000000112c484e8 [0x0000000112c484a0+0x48]
J 3815 C1 java.lang.reflect.Method.invoke(Ljava/lang/Object;[Ljava/lang/Object;)Ljava/lang/Object; (62 bytes) @ 0x00000001128414dc [0x00000001128410e0+0x3fc]
j  org.springframework.boot.devtools.restart.RestartLauncher.run()V+41
v  ~StubRoutines::call_stub
V  [libjvm.dylib+0x2edbd2]
V  [libjvm.dylib+0x2ee360]
V  [libjvm.dylib+0x2ee50c]
V  [libjvm.dylib+0x348c59]
V  [libjvm.dylib+0x56b033]
V  [libjvm.dylib+0x56c720]
V  [libjvm.dylib+0x48a7ae]
C  [libsystem_pthread.dylib+0x32eb]  _pthread_body+0x7e
C  [libsystem_pthread.dylib+0x6249]  _pthread_start+0x42
C  [libsystem_pthread.dylib+0x240d]  thread_start+0xd
C  0x0000000000000000

Java frames: (J=compiled Java code, j=interpreted, Vv=VM code)
J 102  java.util.zip.ZipFile.getEntry(J[BZ)J (0 bytes) @ 0x0000000111d28218 [0x0000000111d281c0+0x58]
J 3478 C2 java.util.jar.JarFile.getEntry(Ljava/lang/String;)Ljava/util/zip/ZipEntry; (22 bytes) @ 0x0000000112385574 [0x0000000112385200+0x374]
J 974 C2 sun.misc.URLClassPath$JarLoader.findResource(Ljava/lang/String;Z)Ljava/net/URL; (18 bytes) @ 0x0000000111f32624 [0x0000000111f325a0+0x84]
J 3254 C1 sun.misc.URLClassPath$1.next()Z (63 bytes) @ 0x0000000112675acc [0x0000000112675960+0x16c]
J 4845 C1 sun.misc.URLClassPath$1.hasMoreElements()Z (5 bytes) @ 0x000000011269823c [0x00000001126981c0+0x7c]
J 3640 C1 java.net.URLClassLoader$3$1.run()Ljava/lang/Object; (5 bytes) @ 0x0000000111d83cd4 [0x0000000111d83b60+0x174]
v  ~StubRoutines::call_stub
J 976  java.security.AccessController.doPrivileged(Ljava/security/PrivilegedAction;Ljava/security/AccessControlContext;)Ljava/lang/Object; (0 bytes) @ 0x0000000111f28d63 [0x0000000111f28d00+0x63]
J 3247 C1 java.net.URLClassLoader$3.next()Z (73 bytes) @ 0x0000000112670c34 [0x0000000112670a60+0x1d4]
J 3253 C1 java.net.URLClassLoader$3.hasMoreElements()Z (5 bytes) @ 0x000000011267613c [0x00000001126760c0+0x7c]
J 3252 C1 sun.misc.CompoundEnumeration.next()Z (58 bytes) @ 0x00000001126701c4 [0x0000000112670020+0x1a4]
J 3639 C1 sun.misc.CompoundEnumeration.hasMoreElements()Z (5 bytes) @ 0x000000011269347c [0x0000000112693400+0x7c]
j  org.springframework.core.io.support.SpringFactoriesLoader.loadSpringFactories(Ljava/lang/ClassLoader;)Ljava/util/Map;+47
j  org.springframework.core.io.support.SpringFactoriesLoader.loadFactoryNames(Ljava/lang/Class;Ljava/lang/ClassLoader;)Ljava/util/List;+6
j  org.springframework.boot.SpringApplication.getSpringFactoriesInstances(Ljava/lang/Class;[Ljava/lang/Class;[Ljava/lang/Object;)Ljava/util/Collection;+13
j  org.springframework.boot.SpringApplication.getSpringFactoriesInstances(Ljava/lang/Class;)Ljava/util/Collection;+10
j  org.springframework.boot.SpringApplication.<init>(Lorg/springframework/core/io/ResourceLoader;[Ljava/lang/Class;)V+105
j  org.springframework.boot.SpringApplication.<init>([Ljava/lang/Class;)V+3
j  org.springframework.boot.SpringApplication.run([Ljava/lang/Class;[Ljava/lang/String;)Lorg/springframework/context/ConfigurableApplicationContext;+5
j  org.springframework.boot.SpringApplication.run(Ljava/lang/Class;[Ljava/lang/String;)Lorg/springframework/context/ConfigurableApplicationContext;+9
j  com.example.resfulwebservices.ResfulWebServicesApplication.main([Ljava/lang/String;)V+3
v  ~StubRoutines::call_stub
J 1523  sun.reflect.NativeMethodAccessorImpl.invoke0(Ljava/lang/reflect/Method;Ljava/lang/Object;[Ljava/lang/Object;)Ljava/lang/Object; (0 bytes) @ 0x000000011207ee77 [0x000000011207ee00+0x77]
J 1522 C1 sun.reflect.NativeMethodAccessorImpl.invoke(Ljava/lang/Object;[Ljava/lang/Object;)Ljava/lang/Object; (104 bytes) @ 0x0000000112080494 [0x000000011207f2c0+0x11d4]
J 5120 C2 sun.reflect.DelegatingMethodAccessorImpl.invoke(Ljava/lang/Object;[Ljava/lang/Object;)Ljava/lang/Object; (10 bytes) @ 0x0000000112c484e8 [0x0000000112c484a0+0x48]
J 3815 C1 java.lang.reflect.Method.invoke(Ljava/lang/Object;[Ljava/lang/Object;)Ljava/lang/Object; (62 bytes) @ 0x00000001128414dc [0x00000001128410e0+0x3fc]
j  org.springframework.boot.devtools.restart.RestartLauncher.run()V+41
v  ~StubRoutines::call_stub

---------------  P R O C E S S  ---------------

Java Threads: ( => current thread )
=>0x00007fb35cad7000 JavaThread "restartedMain" [_thread_in_native, id=16147, stack(0x000070000f0b5000,0x000070000f1b5000)]
  0x00007fb35c8b1800 JavaThread "Thread-10" [_thread_blocked, id=41739, stack(0x000070000efb2000,0x000070000f0b2000)]
  0x00007fb35a802000 JavaThread "DestroyJavaVM" [_thread_blocked, id=9987, stack(0x000070000e188000,0x000070000e288000)]
  0x00007fb3598f8800 JavaThread "Live Reload Server" daemon [_thread_in_native, id=43019, stack(0x000070000f5c4000,0x000070000f6c4000)]
  0x00007fb35a84f800 JavaThread "Service Thread" daemon [_thread_blocked, id=17667, stack(0x000070000edac000,0x000070000eeac000)]
  0x00007fb35a83d000 JavaThread "C1 CompilerThread2" daemon [_thread_blocked, id=18179, stack(0x000070000eca9000,0x000070000eda9000)]
  0x00007fb35a83c000 JavaThread "C2 CompilerThread1" daemon [_thread_blocked, id=18435, stack(0x000070000eba6000,0x000070000eca6000)]
  0x00007fb35a800800 JavaThread "C2 CompilerThread0" daemon [_thread_blocked, id=18691, stack(0x000070000eaa3000,0x000070000eba3000)]
  0x00007fb35a82b800 JavaThread "Signal Dispatcher" daemon [_thread_blocked, id=19203, stack(0x000070000e9a0000,0x000070000eaa0000)]
  0x00007fb35a82a800 JavaThread "Finalizer" daemon [_thread_blocked, id=12291, stack(0x000070000e89d000,0x000070000e99d000)]
  0x00007fb359807800 JavaThread "Reference Handler" daemon [_thread_blocked, id=20995, stack(0x000070000e79a000,0x000070000e89a000)]

Other Threads:
  0x00007fb35b006000 VMThread [stack: 0x000070000e697000,0x000070000e797000] [id=11779]
  0x00007fb35a034000 WatcherThread [stack: 0x000070000eeaf000,0x000070000efaf000] [id=17155]

VM state:not at safepoint (normal execution)

VM Mutex/Monitor currently owned by a thread: None

Heap:
 PSYoungGen      total 301568K, used 5463K [0x00000007aab00000, 0x00000007bee00000, 0x00000007c0000000)
  eden space 297984K, 1% used [0x00000007aab00000,0x00000007ab055ed0,0x00000007bce00000)
  from space 3584K, 0% used [0x00000007bce00000,0x00000007bce00000,0x00000007bd180000)
  to   space 16384K, 0% used [0x00000007bde00000,0x00000007bde00000,0x00000007bee00000)
 ParOldGen       total 37888K, used 17589K [0x0000000780000000, 0x0000000782500000, 0x00000007aab00000)
  object space 37888K, 46% used [0x0000000780000000,0x000000078112d6f0,0x0000000782500000)
 Metaspace       used 55473K, capacity 57934K, committed 58032K, reserved 1099776K
  class space    used 7313K, capacity 7769K, committed 7856K, reserved 1048576K

Card table byte_map: [0x0000000106962000,0x0000000106b63000] byte_map_base: 0x0000000102d62000

Marking Bits: (ParMarkBitMap*) 0x0000000105ef0d30
 Begin Bits: [0x0000000106cb9000, 0x0000000107cb9000)
 End Bits:   [0x0000000107cb9000, 0x0000000108cb9000)

Polling page: 0x0000000104c98000

CodeCache: size=245760Kb used=16780Kb max_used=16870Kb free=228979Kb
 bounds [0x0000000111bf2000, 0x0000000112c92000, 0x0000000120bf2000]
 total_blobs=5307 nmethods=4787 adapters=432
 compilation: enabled

Compilation events (10 events):
Event: 928.941 Thread 0x00007fb35a83d000 nmethod 5629 0x000000011232a010 code [0x000000011232a180, 0x000000011232a308]
Event: 928.967 Thread 0x00007fb35a83d000 5630   !   3       org.apache.tomcat.util.modeler.Registry::getMBeanServer (161 bytes)
Event: 928.972 Thread 0x00007fb35a83d000 nmethod 5630 0x0000000112c5b010 code [0x0000000112c5b3a0, 0x0000000112c5d288]
Event: 928.981 Thread 0x00007fb35a83d000 5631       1       org.apache.tomcat.util.collections.ManagedConcurrentWeakHashMap$Key::hashCode (5 bytes)
Event: 928.981 Thread 0x00007fb35a83d000 nmethod 5631 0x000000011228bc90 code [0x000000011228bde0, 0x000000011228bef0]
Event: 928.986 Thread 0x00007fb35a83d000 5632       1       org.apache.catalina.ContainerEvent::getType (5 bytes)
Event: 928.987 Thread 0x00007fb35a83d000 nmethod 5632 0x00000001120b7810 code [0x00000001120b7960, 0x00000001120b7a70]
Event: 929.515 Thread 0x00007fb35a83d000 5633       3       java.util.concurrent.ThreadPoolExecutor::isRunning (10 bytes)
Event: 929.516 Thread 0x00007fb35a83d000 nmethod 5633 0x0000000112602c90 code [0x0000000112602e00, 0x0000000112602f90]
Event: 929.520 Thread 0x00007fb35a800800 5634       4       java.util.Properties$LineReader::readLine (468 bytes)

GC Heap History (10 events):
Event: 192.141 GC heap before
{Heap before GC invocations=13 (full 2):
 PSYoungGen      total 207360K, used 196608K [0x00000007aab00000, 0x00000007b8200000, 0x00000007c0000000)
  eden space 196608K, 100% used [0x00000007aab00000,0x00000007b6b00000,0x00000007b6b00000)
  from space 10752K, 0% used [0x00000007b7780000,0x00000007b7780000,0x00000007b8200000)
  to   space 11776K, 0% used [0x00000007b6b00000,0x00000007b6b00000,0x00000007b7680000)
 ParOldGen       total 37888K, used 13958K [0x0000000780000000, 0x0000000782500000, 0x00000007aab00000)
  object space 37888K, 36% used [0x0000000780000000,0x0000000780da1ae8,0x0000000782500000)
 Metaspace       used 53071K, capacity 55392K, committed 55728K, reserved 1097728K
  class space    used 7058K, capacity 7495K, committed 7600K, reserved 1048576K
Event: 192.289 GC heap after
Heap after GC invocations=13 (full 2):
 PSYoungGen      total 208384K, used 11757K [0x00000007aab00000, 0x00000007bf000000, 0x00000007c0000000)
  eden space 196608K, 0% used [0x00000007aab00000,0x00000007aab00000,0x00000007b6b00000)
  from space 11776K, 99% used [0x00000007b6b00000,0x00000007b767b630,0x00000007b7680000)
  to   space 17408K, 0% used [0x00000007bdf00000,0x00000007bdf00000,0x00000007bf000000)
 ParOldGen       total 37888K, used 23576K [0x0000000780000000, 0x0000000782500000, 0x00000007aab00000)
  object space 37888K, 62% used [0x0000000780000000,0x0000000781706208,0x0000000782500000)
 Metaspace       used 53071K, capacity 55392K, committed 55728K, reserved 1097728K
  class space    used 7058K, capacity 7495K, committed 7600K, reserved 1048576K
}
Event: 800.900 GC heap before
{Heap before GC invocations=14 (full 2):
 PSYoungGen      total 208384K, used 87609K [0x00000007aab00000, 0x00000007bf000000, 0x00000007c0000000)
  eden space 196608K, 38% used [0x00000007aab00000,0x00000007af513050,0x00000007b6b00000)
  from space 11776K, 99% used [0x00000007b6b00000,0x00000007b767b630,0x00000007b7680000)
  to   space 17408K, 0% used [0x00000007bdf00000,0x00000007bdf00000,0x00000007bf000000)
 ParOldGen       total 37888K, used 23576K [0x0000000780000000, 0x0000000782500000, 0x00000007aab00000)
  object space 37888K, 62% used [0x0000000780000000,0x0000000781706208,0x0000000782500000)
 Metaspace       used 55130K, capacity 57532K, committed 57776K, reserved 1099776K
  class space    used 7304K, capacity 7760K, committed 7856K, reserved 1048576K
Event: 800.989 GC heap after
Heap after GC invocations=14 (full 2):
 PSYoungGen      total 314368K, used 2228K [0x00000007aab00000, 0x00000007bef00000, 0x00000007c0000000)
  eden space 297984K, 0% used [0x00000007aab00000,0x00000007aab00000,0x00000007bce00000)
  from space 16384K, 13% used [0x00000007bdf00000,0x00000007be12d3a8,0x00000007bef00000)
  to   space 16896K, 0% used [0x00000007bce00000,0x00000007bce00000,0x00000007bde80000)
 ParOldGen       total 37888K, used 29716K [0x0000000780000000, 0x0000000782500000, 0x00000007aab00000)
  object space 37888K, 78% used [0x0000000780000000,0x0000000781d05368,0x0000000782500000)
 Metaspace       used 55130K, capacity 57532K, committed 57776K, reserved 1099776K
  class space    used 7304K, capacity 7760K, committed 7856K, reserved 1048576K
}
Event: 800.989 GC heap before
{Heap before GC invocations=15 (full 3):
 PSYoungGen      total 314368K, used 2228K [0x00000007aab00000, 0x00000007bef00000, 0x00000007c0000000)
  eden space 297984K, 0% used [0x00000007aab00000,0x00000007aab00000,0x00000007bce00000)
  from space 16384K, 13% used [0x00000007bdf00000,0x00000007be12d3a8,0x00000007bef00000)
  to   space 16896K, 0% used [0x00000007bce00000,0x00000007bce00000,0x00000007bde80000)
 ParOldGen       total 37888K, used 29716K [0x0000000780000000, 0x0000000782500000, 0x00000007aab00000)
  object space 37888K, 78% used [0x0000000780000000,0x0000000781d05368,0x0000000782500000)
 Metaspace       used 55130K, capacity 57532K, committed 57776K, reserved 1099776K
  class space    used 7304K, capacity 7760K, committed 7856K, reserved 1048576K
Event: 801.428 GC heap after
Heap after GC invocations=15 (full 3):
 PSYoungGen      total 314368K, used 0K [0x00000007aab00000, 0x00000007bef00000, 0x00000007c0000000)
  eden space 297984K, 0% used [0x00000007aab00000,0x00000007aab00000,0x00000007bce00000)
  from space 16384K, 0% used [0x00000007bdf00000,0x00000007bdf00000,0x00000007bef00000)
  to   space 16896K, 0% used [0x00000007bce00000,0x00000007bce00000,0x00000007bde80000)
 ParOldGen       total 37888K, used 18290K [0x0000000780000000, 0x0000000782500000, 0x00000007aab00000)
  object space 37888K, 48% used [0x0000000780000000,0x00000007811dc968,0x0000000782500000)
 Metaspace       used 55108K, capacity 57496K, committed 57776K, reserved 1099776K
  class space    used 7301K, capacity 7754K, committed 7856K, reserved 1048576K
}
Event: 928.991 GC heap before
{Heap before GC invocations=16 (full 3):
 PSYoungGen      total 314368K, used 154095K [0x00000007aab00000, 0x00000007bef00000, 0x00000007c0000000)
  eden space 297984K, 51% used [0x00000007aab00000,0x00000007b417be40,0x00000007bce00000)
  from space 16384K, 0% used [0x00000007bdf00000,0x00000007bdf00000,0x00000007bef00000)
  to   space 16896K, 0% used [0x00000007bce00000,0x00000007bce00000,0x00000007bde80000)
 ParOldGen       total 37888K, used 18290K [0x0000000780000000, 0x0000000782500000, 0x00000007aab00000)
  object space 37888K, 48% used [0x0000000780000000,0x00000007811dc968,0x0000000782500000)
 Metaspace       used 55475K, capacity 57940K, committed 58032K, reserved 1099776K
  class space    used 7313K, capacity 7771K, committed 7856K, reserved 1048576K
Event: 929.097 GC heap after
Heap after GC invocations=16 (full 3):
 PSYoungGen      total 301568K, used 3410K [0x00000007aab00000, 0x00000007bee00000, 0x00000007c0000000)
  eden space 297984K, 0% used [0x00000007aab00000,0x00000007aab00000,0x00000007bce00000)
  from space 3584K, 95% used [0x00000007bce00000,0x00000007bd1548b8,0x00000007bd180000)
  to   space 16384K, 0% used [0x00000007bde00000,0x00000007bde00000,0x00000007bee00000)
 ParOldGen       total 37888K, used 18298K [0x0000000780000000, 0x0000000782500000, 0x00000007aab00000)
  object space 37888K, 48% used [0x0000000780000000,0x00000007811de968,0x0000000782500000)
 Metaspace       used 55475K, capacity 57940K, committed 58032K, reserved 1099776K
  class space    used 7313K, capacity 7771K, committed 7856K, reserved 1048576K
}
Event: 929.097 GC heap before
{Heap before GC invocations=17 (full 4):
 PSYoungGen      total 301568K, used 3410K [0x00000007aab00000, 0x00000007bee00000, 0x00000007c0000000)
  eden space 297984K, 0% used [0x00000007aab00000,0x00000007aab00000,0x00000007bce00000)
  from space 3584K, 95% used [0x00000007bce00000,0x00000007bd1548b8,0x00000007bd180000)
  to   space 16384K, 0% used [0x00000007bde00000,0x00000007bde00000,0x00000007bee00000)
 ParOldGen       total 37888K, used 18298K [0x0000000780000000, 0x0000000782500000, 0x00000007aab00000)
  object space 37888K, 48% used [0x0000000780000000,0x00000007811de968,0x0000000782500000)
 Metaspace       used 55475K, capacity 57940K, committed 58032K, reserved 1099776K
  class space    used 7313K, capacity 7771K, committed 7856K, reserved 1048576K
Event: 929.515 GC heap after
Heap after GC invocations=17 (full 4):
 PSYoungGen      total 301568K, used 0K [0x00000007aab00000, 0x00000007bee00000, 0x00000007c0000000)
  eden space 297984K, 0% used [0x00000007aab00000,0x00000007aab00000,0x00000007bce00000)
  from space 3584K, 0% used [0x00000007bce00000,0x00000007bce00000,0x00000007bd180000)
  to   space 16384K, 0% used [0x00000007bde00000,0x00000007bde00000,0x00000007bee00000)
 ParOldGen       total 37888K, used 17589K [0x0000000780000000, 0x0000000782500000, 0x00000007aab00000)
  object space 37888K, 46% used [0x0000000780000000,0x000000078112d6f0,0x0000000782500000)
 Metaspace       used 55473K, capacity 57934K, committed 58032K, reserved 1099776K
  class space    used 7313K, capacity 7769K, committed 7856K, reserved 1048576K
}

Deoptimization events (10 events):
Event: 802.203 Thread 0x00007fb35e99c800 Uncommon trap: reason=class_check action=maybe_recompile pc=0x0000000112979168 method=org.springframework.core.annotation.AnnotationsScanner.processMethodInheritedAnnotations(Ljava/lang/Object;Ljava/lang/reflect/Method;Lorg/springframework/core/annotation
Event: 802.291 Thread 0x00007fb35e99c800 Uncommon trap: reason=unstable_if action=reinterpret pc=0x00000001128934bc method=java.lang.reflect.AnnotatedElement.isAnnotationPresent(Ljava/lang/Class;)Z @ 7
Event: 802.374 Thread 0x00007fb35e99c800 Uncommon trap: reason=class_check action=maybe_recompile pc=0x0000000112979168 method=org.springframework.core.annotation.AnnotationsScanner.processMethodInheritedAnnotations(Ljava/lang/Object;Ljava/lang/reflect/Method;Lorg/springframework/core/annotation
Event: 803.113 Thread 0x00007fb35e99c800 Uncommon trap: reason=class_check action=maybe_recompile pc=0x0000000112651d38 method=java.lang.reflect.Method.equals(Ljava/lang/Object;)Z @ 5
Event: 803.113 Thread 0x00007fb35e99c800 Uncommon trap: reason=class_check action=maybe_recompile pc=0x0000000112651d38 method=java.lang.reflect.Method.equals(Ljava/lang/Object;)Z @ 5
Event: 803.559 Thread 0x00007fb35e99c800 Uncommon trap: reason=unstable_if action=reinterpret pc=0x00000001125488c0 method=java.util.IdentityHashMap.nextKeyIndex(II)I @ 4
Event: 803.622 Thread 0x00007fb35e99c800 Uncommon trap: reason=class_check action=maybe_recompile pc=0x0000000112c0d658 method=org.springframework.core.annotation.AnnotationsScanner.processClassInheritedAnnotations(Ljava/lang/Object;Ljava/lang/Class;Lorg/springframework/core/annotation/Annotatio
Event: 803.622 Thread 0x00007fb35e99c800 Uncommon trap: reason=class_check action=maybe_recompile pc=0x0000000112c0d658 method=org.springframework.core.annotation.AnnotationsScanner.processClassInheritedAnnotations(Ljava/lang/Object;Ljava/lang/Class;Lorg/springframework/core/annotation/Annotatio
Event: 803.622 Thread 0x00007fb35e99c800 Uncommon trap: reason=class_check action=maybe_recompile pc=0x0000000112c0d658 method=org.springframework.core.annotation.AnnotationsScanner.processClassInheritedAnnotations(Ljava/lang/Object;Ljava/lang/Class;Lorg/springframework/core/annotation/Annotatio
Event: 803.622 Thread 0x00007fb35e99c800 Uncommon trap: reason=class_check action=maybe_recompile pc=0x0000000112c0d658 method=org.springframework.core.annotation.AnnotationsScanner.processClassInheritedAnnotations(Ljava/lang/Object;Ljava/lang/Class;Lorg/springframework/core/annotation/Annotatio

Internal exceptions (10 events):
Event: 802.874 Thread 0x00007fb35e99c800 Exception <a 'java/lang/NullPointerException'> (0x00000007b1372360) thrown at [/Users/java_re/workspace/8-2-build-macosx-x86_64/jdk8u112/7935/hotspot/src/share/vm/runtime/sharedRuntime.cpp, line 605]
Event: 802.874 Thread 0x00007fb35e99c800 Implicit null exception at 0x0000000112496255 to 0x00000001124967f0
Event: 802.874 Thread 0x00007fb35e99c800 Exception <a 'java/lang/NullPointerException'> (0x00000007b1372fe0) thrown at [/Users/java_re/workspace/8-2-build-macosx-x86_64/jdk8u112/7935/hotspot/src/share/vm/runtime/sharedRuntime.cpp, line 605]
Event: 803.043 Thread 0x00007fb35e99c800 Exception <a 'java/lang/ClassCastException': org.springframework.boot.autoconfigure.jdbc.DataSourceSchemaCreatedEvent cannot be cast to org.springframework.boot.devtools.classpath.ClassPathChangedEvent> (0x00000007b1a81430) thrown at [/Users/java_re/works
Event: 803.658 Thread 0x00007fb35e99c800 Exception <a 'java/lang/ClassCastException': org.springframework.context.event.ContextRefreshedEvent cannot be cast to org.springframework.boot.devtools.classpath.ClassPathChangedEvent> (0x00000007b2d5e7d8) thrown at [/Users/java_re/workspace/8-2-build-ma
Event: 803.677 Thread 0x00007fb35e99c800 Exception <a 'java/lang/ClassCastException': org.springframework.boot.web.servlet.context.ServletWebServerInitializedEvent cannot be cast to org.springframework.boot.devtools.classpath.ClassPathChangedEvent> (0x00000007b2e37228) thrown at [/Users/java_re/
Event: 803.678 Thread 0x00007fb35e99c800 Exception <a 'java/lang/ClassCastException': org.springframework.boot.context.event.ApplicationStartedEvent cannot be cast to org.springframework.boot.devtools.classpath.ClassPathChangedEvent> (0x00000007b2e58050) thrown at [/Users/java_re/workspace/8-2-b
Event: 803.682 Thread 0x00007fb35e99c800 Exception <a 'java/lang/ClassCastException': org.springframework.boot.context.event.ApplicationReadyEvent cannot be cast to org.springframework.boot.devtools.classpath.ClassPathChangedEvent> (0x00000007b2e76870) thrown at [/Users/java_re/workspace/8-2-bui
Event: 928.878 Thread 0x00007fb35c8b1800 Exception <a 'java/lang/ClassCastException': org.springframework.context.event.ContextClosedEvent cannot be cast to org.springframework.boot.devtools.classpath.ClassPathChangedEvent> (0x00000007b3e99900) thrown at [/Users/java_re/workspace/8-2-build-macos
Event: 928.988 Thread 0x00007fb35aff7000 Exception <a 'java/lang/InterruptedException': sleep interrupted> (0x00000007b4083960) thrown at [/Users/java_re/workspace/8-2-build-macosx-x86_64/jdk8u112/7935/hotspot/src/share/vm/prims/jvm.cpp, line 3228]

Events (10 events):
Event: 929.517 Executing VM operation: RevokeBias done
Event: 929.518 Thread 0x00007fb35cad7000 Thread added: 0x00007fb35cad7000
Event: 929.518 Executing VM operation: RevokeBias
Event: 929.518 Executing VM operation: RevokeBias done
Event: 929.518 loading class org/springframework/web/reactive/DispatcherHandler
Event: 929.518 loading class org/springframework/web/reactive/DispatcherHandler done
Event: 929.519 loading class org/springframework/web/reactive$DispatcherHandler
Event: 929.519 loading class org/springframework/web/reactive$DispatcherHandler done
Event: 929.520 Thread 0x00007fb35cad7000 DEOPT PACKING pc=0x0000000111d29f1c sp=0x000070000f1b3980
Event: 929.520 Thread 0x00007fb35cad7000 DEOPT UNPACKING pc=0x0000000111c39633 sp=0x000070000f1b36c8 mode 0


Dynamic libraries:
0x00000000180f6000 	/System/Library/Frameworks/Cocoa.framework/Versions/A/Cocoa
0x00000000180f6000 	/System/Library/Frameworks/Security.framework/Versions/A/Security
0x00000000180f6000 	/System/Library/Frameworks/ApplicationServices.framework/Versions/A/ApplicationServices
0x00000000180f6000 	/usr/lib/libz.1.dylib
0x00000000180f6000 	/usr/lib/libSystem.B.dylib
0x00000000180f6000 	/usr/lib/libobjc.A.dylib
0x00000000180f6000 	/System/Library/Frameworks/CoreFoundation.framework/Versions/A/CoreFoundation
0x00000000180f6000 	/System/Library/Frameworks/Foundation.framework/Versions/C/Foundation
0x00000000180f6000 	/System/Library/Frameworks/AppKit.framework/Versions/C/AppKit
0x00000000180f6000 	/System/Library/Frameworks/CoreData.framework/Versions/A/CoreData
0x00000000180f6000 	/System/Library/PrivateFrameworks/RemoteViewServices.framework/Versions/A/RemoteViewServices
0x00000000180f6000 	/System/Library/PrivateFrameworks/UIFoundation.framework/Versions/A/UIFoundation
0x00000000180f6000 	/System/Library/PrivateFrameworks/XCTTargetBootstrap.framework/Versions/A/XCTTargetBootstrap
0x00000000180f6000 	/System/Library/PrivateFrameworks/IconServices.framework/Versions/A/IconServices
0x00000000180f6000 	/System/Library/Frameworks/Metal.framework/Versions/A/Metal
0x00000000180f6000 	/System/Library/PrivateFrameworks/DesktopServicesPriv.framework/Versions/A/DesktopServicesPriv
0x00000000180f6000 	/usr/lib/libenergytrace.dylib
0x00000000180f6000 	/System/Library/PrivateFrameworks/SkyLight.framework/Versions/A/SkyLight
0x00000000180f6000 	/System/Library/Frameworks/CoreGraphics.framework/Versions/A/CoreGraphics
0x00000000180f6000 	/System/Library/Frameworks/Accelerate.framework/Versions/A/Accelerate
0x00000000180f6000 	/System/Library/Frameworks/IOSurface.framework/Versions/A/IOSurface
0x00000000180f6000 	/System/Library/PrivateFrameworks/DFRFoundation.framework/Versions/A/DFRFoundation
0x00000000180f6000 	/System/Library/Frameworks/AudioToolbox.framework/Versions/A/AudioToolbox
0x00000000180f6000 	/System/Library/Frameworks/AudioUnit.framework/Versions/A/AudioUnit
0x00000000180f6000 	/System/Library/PrivateFrameworks/DataDetectorsCore.framework/Versions/A/DataDetectorsCore
0x00000000180f6000 	/System/Library/Frameworks/Carbon.framework/Versions/A/Frameworks/HIToolbox.framework/Versions/A/HIToolbox
0x00000000180f6000 	/usr/lib/libicucore.A.dylib
0x00000000180f6000 	/System/Library/Frameworks/QuartzCore.framework/Versions/A/QuartzCore
0x00000000180f6000 	/System/Library/Frameworks/Carbon.framework/Versions/A/Frameworks/SpeechRecognition.framework/Versions/A/SpeechRecognition
0x00000000180f6000 	/usr/lib/libauto.dylib
0x00000000180f6000 	/usr/lib/libxml2.2.dylib
0x00000000180f6000 	/System/Library/PrivateFrameworks/CoreUI.framework/Versions/A/CoreUI
0x00000000180f6000 	/System/Library/Frameworks/CoreAudio.framework/Versions/A/CoreAudio
0x00000000180f6000 	/System/Library/Frameworks/DiskArbitration.framework/Versions/A/DiskArbitration
0x00000000180f6000 	/usr/lib/liblangid.dylib
0x00000000180f6000 	/System/Library/PrivateFrameworks/MultitouchSupport.framework/Versions/A/MultitouchSupport
0x00000000180f6000 	/System/Library/Frameworks/IOKit.framework/Versions/A/IOKit
0x00000000180f6000 	/usr/lib/libDiagnosticMessagesClient.dylib
0x00000000180f6000 	/System/Library/Frameworks/CoreServices.framework/Versions/A/CoreServices
0x00000000180f6000 	/System/Library/PrivateFrameworks/PerformanceAnalysis.framework/Versions/A/PerformanceAnalysis
0x00000000180f6000 	/System/Library/Frameworks/OpenGL.framework/Versions/A/OpenGL
0x00000000180f6000 	/System/Library/Frameworks/ColorSync.framework/Versions/A/ColorSync
0x00000000180f6000 	/System/Library/Frameworks/CoreImage.framework/Versions/A/CoreImage
0x00000000180f6000 	/System/Library/Frameworks/CoreText.framework/Versions/A/CoreText
0x00000000180f6000 	/System/Library/Frameworks/ImageIO.framework/Versions/A/ImageIO
0x00000000180f6000 	/System/Library/PrivateFrameworks/Backup.framework/Versions/A/Backup
0x00000000180f6000 	/usr/lib/libarchive.2.dylib
0x00000000180f6000 	/System/Library/Frameworks/CFNetwork.framework/Versions/A/CFNetwork
0x00000000180f6000 	/System/Library/Frameworks/SystemConfiguration.framework/Versions/A/SystemConfiguration
0x00000000180f6000 	/usr/lib/libCRFSuite.dylib
0x00000000180f6000 	/usr/lib/libc++.1.dylib
0x00000000180f6000 	/usr/lib/libc++abi.dylib
0x00000000180f6000 	/usr/lib/system/libcache.dylib
0x00000000180f6000 	/usr/lib/system/libcommonCrypto.dylib
0x00000000180f6000 	/usr/lib/system/libcompiler_rt.dylib
0x00000000180f6000 	/usr/lib/system/libcopyfile.dylib
0x00000000180f6000 	/usr/lib/system/libcorecrypto.dylib
0x00000000180f6000 	/usr/lib/system/libdispatch.dylib
0x00000000180f6000 	/usr/lib/system/libdyld.dylib
0x00000000180f6000 	/usr/lib/system/libkeymgr.dylib
0x00000000180f6000 	/usr/lib/system/liblaunch.dylib
0x00000000180f6000 	/usr/lib/system/libmacho.dylib
0x00000000180f6000 	/usr/lib/system/libquarantine.dylib
0x00000000180f6000 	/usr/lib/system/libremovefile.dylib
0x00000000180f6000 	/usr/lib/system/libsystem_asl.dylib
0x00000000180f6000 	/usr/lib/system/libsystem_blocks.dylib
0x00000000180f6000 	/usr/lib/system/libsystem_c.dylib
0x00000000180f6000 	/usr/lib/system/libsystem_configuration.dylib
0x00000000180f6000 	/usr/lib/system/libsystem_coreservices.dylib
0x00000000180f6000 	/usr/lib/system/libsystem_darwin.dylib
0x00000000180f6000 	/usr/lib/system/libsystem_dnssd.dylib
0x00000000180f6000 	/usr/lib/system/libsystem_info.dylib
0x00000000180f6000 	/usr/lib/system/libsystem_m.dylib
0x00000000180f6000 	/usr/lib/system/libsystem_malloc.dylib
0x00000000180f6000 	/usr/lib/system/libsystem_networkextension.dylib
0x00000000180f6000 	/usr/lib/system/libsystem_notify.dylib
0x00000000180f6000 	/usr/lib/system/libsystem_sandbox.dylib
0x00000000180f6000 	/usr/lib/system/libsystem_secinit.dylib
0x00000000180f6000 	/usr/lib/system/libsystem_kernel.dylib
0x00000000180f6000 	/usr/lib/system/libsystem_platform.dylib
0x00000000180f6000 	/usr/lib/system/libsystem_pthread.dylib
0x00000000180f6000 	/usr/lib/system/libsystem_symptoms.dylib
0x00000000180f6000 	/usr/lib/system/libsystem_trace.dylib
0x00000000180f6000 	/usr/lib/system/libunwind.dylib
0x00000000180f6000 	/usr/lib/system/libxpc.dylib
0x00000000180f6000 	/usr/lib/libbsm.0.dylib
0x00000000180f6000 	/usr/lib/system/libkxld.dylib
0x00000000180f6000 	/System/Library/PrivateFrameworks/AppleFSCompression.framework/Versions/A/AppleFSCompression
0x00000000180f6000 	/usr/lib/libOpenScriptingUtil.dylib
0x00000000180f6000 	/usr/lib/libcoretls.dylib
0x00000000180f6000 	/usr/lib/libcoretls_cfhelpers.dylib
0x00000000180f6000 	/usr/lib/libpam.2.dylib
0x00000000180f6000 	/usr/lib/libsqlite3.dylib
0x00000000180f6000 	/usr/lib/libxar.1.dylib
0x00000000180f6000 	/usr/lib/libbz2.1.0.dylib
0x00000000180f6000 	/usr/lib/liblzma.5.dylib
0x00000000180f6000 	/usr/lib/libnetwork.dylib
0x00000000180f6000 	/usr/lib/libapple_nghttp2.dylib
0x00000000180f6000 	/usr/lib/libpcap.A.dylib
0x00000000180f6000 	/System/Library/Frameworks/CoreServices.framework/Versions/A/Frameworks/FSEvents.framework/Versions/A/FSEvents
0x00000000180f6000 	/System/Library/Frameworks/CoreServices.framework/Versions/A/Frameworks/CarbonCore.framework/Versions/A/CarbonCore
0x00000000180f6000 	/System/Library/Frameworks/CoreServices.framework/Versions/A/Frameworks/Metadata.framework/Versions/A/Metadata
0x00000000180f6000 	/System/Library/Frameworks/CoreServices.framework/Versions/A/Frameworks/OSServices.framework/Versions/A/OSServices
0x00000000180f6000 	/System/Library/Frameworks/CoreServices.framework/Versions/A/Frameworks/SearchKit.framework/Versions/A/SearchKit
0x00000000180f6000 	/System/Library/Frameworks/CoreServices.framework/Versions/A/Frameworks/AE.framework/Versions/A/AE
0x00000000180f6000 	/System/Library/Frameworks/CoreServices.framework/Versions/A/Frameworks/LaunchServices.framework/Versions/A/LaunchServices
0x00000000180f6000 	/System/Library/Frameworks/CoreServices.framework/Versions/A/Frameworks/DictionaryServices.framework/Versions/A/DictionaryServices
0x00000000180f6000 	/System/Library/Frameworks/CoreServices.framework/Versions/A/Frameworks/SharedFileList.framework/Versions/A/SharedFileList
0x00000000180f6000 	/System/Library/Frameworks/NetFS.framework/Versions/A/NetFS
0x00000000180f6000 	/System/Library/PrivateFrameworks/NetAuth.framework/Versions/A/NetAuth
0x00000000180f6000 	/System/Library/PrivateFrameworks/login.framework/Versions/A/Frameworks/loginsupport.framework/Versions/A/loginsupport
0x00000000180f6000 	/System/Library/PrivateFrameworks/TCC.framework/Versions/A/TCC
0x00000000180f6000 	/System/Library/PrivateFrameworks/CoreNLP.framework/Versions/A/CoreNLP
0x00000000180f6000 	/System/Library/PrivateFrameworks/MetadataUtilities.framework/Versions/A/MetadataUtilities
0x00000000180f6000 	/usr/lib/libmecabra.dylib
0x00000000180f6000 	/System/Library/Frameworks/ApplicationServices.framework/Versions/A/Frameworks/ATS.framework/Versions/A/ATS
0x00000000180f6000 	/System/Library/Frameworks/ApplicationServices.framework/Versions/A/Frameworks/ColorSyncLegacy.framework/Versions/A/ColorSyncLegacy
0x00000000180f6000 	/System/Library/Frameworks/ApplicationServices.framework/Versions/A/Frameworks/HIServices.framework/Versions/A/HIServices
0x00000000180f6000 	/System/Library/Frameworks/ApplicationServices.framework/Versions/A/Frameworks/LangAnalysis.framework/Versions/A/LangAnalysis
0x00000000180f6000 	/System/Library/Frameworks/ApplicationServices.framework/Versions/A/Frameworks/PrintCore.framework/Versions/A/PrintCore
0x00000000180f6000 	/System/Library/Frameworks/ApplicationServices.framework/Versions/A/Frameworks/QD.framework/Versions/A/QD
0x00000000180f6000 	/System/Library/Frameworks/ApplicationServices.framework/Versions/A/Frameworks/SpeechSynthesis.framework/Versions/A/SpeechSynthesis
0x00000000180f6000 	/usr/lib/libcompression.dylib
0x00000000180f6000 	/System/Library/Frameworks/CoreDisplay.framework/Versions/A/CoreDisplay
0x00000000180f6000 	/System/Library/Frameworks/MetalPerformanceShaders.framework/Versions/A/MetalPerformanceShaders
0x00000000180f6000 	/System/Library/Frameworks/Accelerate.framework/Versions/A/Frameworks/vImage.framework/Versions/A/vImage
0x00000000180f6000 	/System/Library/Frameworks/Accelerate.framework/Versions/A/Frameworks/vecLib.framework/Versions/A/vecLib
0x00000000180f6000 	/System/Library/Frameworks/Accelerate.framework/Versions/A/Frameworks/vecLib.framework/Versions/A/libvMisc.dylib
0x00000000180f6000 	/System/Library/Frameworks/Accelerate.framework/Versions/A/Frameworks/vecLib.framework/Versions/A/libvDSP.dylib
0x00000000180f6000 	/System/Library/Frameworks/Accelerate.framework/Versions/A/Frameworks/vecLib.framework/Versions/A/libBLAS.dylib
0x00000000180f6000 	/System/Library/Frameworks/Accelerate.framework/Versions/A/Frameworks/vecLib.framework/Versions/A/libLAPACK.dylib
0x00000000180f6000 	/System/Library/Frameworks/Accelerate.framework/Versions/A/Frameworks/vecLib.framework/Versions/A/libLinearAlgebra.dylib
0x00000000180f6000 	/System/Library/Frameworks/Accelerate.framework/Versions/A/Frameworks/vecLib.framework/Versions/A/libSparseBLAS.dylib
0x00000000180f6000 	/System/Library/Frameworks/Accelerate.framework/Versions/A/Frameworks/vecLib.framework/Versions/A/libQuadrature.dylib
0x00000000180f6000 	/System/Library/Frameworks/Accelerate.framework/Versions/A/Frameworks/vecLib.framework/Versions/A/libBNNS.dylib
0x00000000180f6000 	/System/Library/Frameworks/Accelerate.framework/Versions/A/Frameworks/vecLib.framework/Versions/A/libSparse.dylib
0x00000000180f6000 	/System/Library/PrivateFrameworks/GPUWrangler.framework/Versions/A/GPUWrangler
0x00000000180f6000 	/System/Library/PrivateFrameworks/IOAccelerator.framework/Versions/A/IOAccelerator
0x00000000180f6000 	/System/Library/PrivateFrameworks/IOPresentment.framework/Versions/A/IOPresentment
0x00000000180f6000 	/System/Library/PrivateFrameworks/DSExternalDisplay.framework/Versions/A/DSExternalDisplay
0x00000000180f6000 	/System/Library/Frameworks/OpenGL.framework/Versions/A/Libraries/libCoreFSCache.dylib
0x00000000180f6000 	/System/Library/Frameworks/MetalPerformanceShaders.framework/Frameworks/MPSCore.framework/Versions/A/MPSCore
0x00000000180f6000 	/System/Library/Frameworks/MetalPerformanceShaders.framework/Frameworks/MPSImage.framework/Versions/A/MPSImage
0x00000000180f6000 	/System/Library/Frameworks/MetalPerformanceShaders.framework/Frameworks/MPSNeuralNetwork.framework/Versions/A/MPSNeuralNetwork
0x00000000180f6000 	/System/Library/Frameworks/MetalPerformanceShaders.framework/Frameworks/MPSMatrix.framework/Versions/A/MPSMatrix
0x00000000180f6000 	/System/Library/Frameworks/MetalPerformanceShaders.framework/Frameworks/MPSRayIntersector.framework/Versions/A/MPSRayIntersector
0x00000000180f6000 	/System/Library/PrivateFrameworks/MetalTools.framework/Versions/A/MetalTools
0x00000000180f6000 	/System/Library/PrivateFrameworks/AggregateDictionary.framework/Versions/A/AggregateDictionary
0x00000000180f6000 	/usr/lib/libMobileGestalt.dylib
0x00000000180f6000 	/System/Library/Frameworks/CoreVideo.framework/Versions/A/CoreVideo
0x00000000180f6000 	/System/Library/PrivateFrameworks/GraphVisualizer.framework/Versions/A/GraphVisualizer
0x00000000180f6000 	/System/Library/PrivateFrameworks/FaceCore.framework/Versions/A/FaceCore
0x00000000180f6000 	/System/Library/Frameworks/OpenCL.framework/Versions/A/OpenCL
0x00000000180f6000 	/usr/lib/libFosl_dynamic.dylib
0x00000000180f6000 	/System/Library/PrivateFrameworks/OTSVG.framework/Versions/A/OTSVG
0x00000000180f6000 	/System/Library/Frameworks/ApplicationServices.framework/Versions/A/Frameworks/ATS.framework/Versions/A/Resources/libFontParser.dylib
0x00000000180f6000 	/System/Library/Frameworks/ApplicationServices.framework/Versions/A/Frameworks/ATS.framework/Versions/A/Resources/libFontRegistry.dylib
0x00000000180f6000 	/System/Library/Frameworks/ImageIO.framework/Versions/A/Resources/libJPEG.dylib
0x00000000180f6000 	/System/Library/Frameworks/ImageIO.framework/Versions/A/Resources/libTIFF.dylib
0x00000000180f6000 	/System/Library/Frameworks/ImageIO.framework/Versions/A/Resources/libPng.dylib
0x00000000180f6000 	/System/Library/Frameworks/ImageIO.framework/Versions/A/Resources/libGIF.dylib
0x00000000180f6000 	/System/Library/Frameworks/ImageIO.framework/Versions/A/Resources/libJP2.dylib
0x00000000180f6000 	/System/Library/Frameworks/ImageIO.framework/Versions/A/Resources/libRadiance.dylib
0x00000000180f6000 	/System/Library/PrivateFrameworks/AppleJPEG.framework/Versions/A/AppleJPEG
0x00000000180f6000 	/System/Library/Frameworks/OpenGL.framework/Versions/A/Libraries/libGFXShared.dylib
0x00000000180f6000 	/System/Library/Frameworks/OpenGL.framework/Versions/A/Libraries/libGLU.dylib
0x00000000180f6000 	/System/Library/Frameworks/OpenGL.framework/Versions/A/Libraries/libGL.dylib
0x00000000180f6000 	/System/Library/Frameworks/OpenGL.framework/Versions/A/Libraries/libGLImage.dylib
0x00000000180f6000 	/System/Library/Frameworks/OpenGL.framework/Versions/A/Libraries/libCVMSPluginSupport.dylib
0x00000000180f6000 	/System/Library/Frameworks/OpenGL.framework/Versions/A/Libraries/libCoreVMClient.dylib
0x00000000180f6000 	/usr/lib/libcups.2.dylib
0x00000000180f6000 	/System/Library/Frameworks/Kerberos.framework/Versions/A/Kerberos
0x00000000180f6000 	/System/Library/Frameworks/GSS.framework/Versions/A/GSS
0x00000000180f6000 	/usr/lib/libresolv.9.dylib
0x00000000180f6000 	/usr/lib/libiconv.2.dylib
0x00000000180f6000 	/System/Library/PrivateFrameworks/Heimdal.framework/Versions/A/Heimdal
0x00000000180f6000 	/usr/lib/libheimdal-asn1.dylib
0x00000000180f6000 	/System/Library/Frameworks/OpenDirectory.framework/Versions/A/OpenDirectory
0x00000000180f6000 	/System/Library/PrivateFrameworks/CommonAuth.framework/Versions/A/CommonAuth
0x00000000180f6000 	/System/Library/Frameworks/OpenDirectory.framework/Versions/A/Frameworks/CFOpenDirectory.framework/Versions/A/CFOpenDirectory
0x00000000180f6000 	/System/Library/Frameworks/SecurityFoundation.framework/Versions/A/SecurityFoundation
0x00000000180f6000 	/System/Library/PrivateFrameworks/APFS.framework/Versions/A/APFS
0x00000000180f6000 	/usr/lib/libutil.dylib
0x00000000180f6000 	/usr/lib/libcharset.1.dylib
0x00000000180f6000 	/System/Library/PrivateFrameworks/AppleSauce.framework/Versions/A/AppleSauce
0x00000000180f6000 	/System/Library/PrivateFrameworks/AssertionServices.framework/Versions/A/AssertionServices
0x00000000180f6000 	/System/Library/PrivateFrameworks/BaseBoard.framework/Versions/A/BaseBoard
0x00000000180f6000 	/usr/lib/libmecab.1.0.0.dylib
0x00000000180f6000 	/usr/lib/libgermantok.dylib
0x00000000180f6000 	/usr/lib/libThaiTokenizer.dylib
0x00000000180f6000 	/usr/lib/libChineseTokenizer.dylib
0x00000000180f6000 	/System/Library/PrivateFrameworks/LanguageModeling.framework/Versions/A/LanguageModeling
0x00000000180f6000 	/System/Library/PrivateFrameworks/CoreEmoji.framework/Versions/A/CoreEmoji
0x00000000180f6000 	/System/Library/PrivateFrameworks/Lexicon.framework/Versions/A/Lexicon
0x00000000180f6000 	/System/Library/PrivateFrameworks/LinguisticData.framework/Versions/A/LinguisticData
0x00000000180f6000 	/usr/lib/libcmph.dylib
0x00000000180f6000 	/System/Library/Frameworks/ServiceManagement.framework/Versions/A/ServiceManagement
0x00000000180f6000 	/System/Library/PrivateFrameworks/BackgroundTaskManagement.framework/Versions/A/BackgroundTaskManagement
0x00000000180f6000 	/usr/lib/libxslt.1.dylib
0x00000000180f6000 	/System/Library/Frameworks/Carbon.framework/Versions/A/Frameworks/Ink.framework/Versions/A/Ink
0x00000000180f6000 	/System/Library/PrivateFrameworks/TextureIO.framework/Versions/A/TextureIO
0x00000000180f6000 	/usr/lib/libate.dylib
0x00000000180f6000 	/System/Library/PrivateFrameworks/CrashReporterSupport.framework/Versions/A/CrashReporterSupport
0x00000000180f6000 	/System/Library/PrivateFrameworks/Sharing.framework/Versions/A/Sharing
0x00000000180f6000 	/System/Library/PrivateFrameworks/AuthKit.framework/Versions/A/AuthKit
0x00000000180f6000 	/System/Library/PrivateFrameworks/Apple80211.framework/Versions/A/Apple80211
0x00000000180f6000 	/System/Library/PrivateFrameworks/CoreUtils.framework/Versions/A/CoreUtils
0x00000000180f6000 	/System/Library/Frameworks/CoreWLAN.framework/Versions/A/CoreWLAN
0x00000000180f6000 	/System/Library/Frameworks/IOBluetooth.framework/Versions/A/IOBluetooth
0x00000000180f6000 	/System/Library/PrivateFrameworks/ProtocolBuffer.framework/Versions/A/ProtocolBuffer
0x00000000180f6000 	/System/Library/PrivateFrameworks/MobileKeyBag.framework/Versions/A/MobileKeyBag
0x00000000180f6000 	/System/Library/PrivateFrameworks/CorePhoneNumbers.framework/Versions/A/CorePhoneNumbers
0x00000000180f6000 	/System/Library/PrivateFrameworks/AppleIDAuthSupport.framework/Versions/A/AppleIDAuthSupport
0x00000000180f6000 	/System/Library/PrivateFrameworks/KeychainCircle.framework/Versions/A/KeychainCircle
0x00000000180f6000 	/System/Library/PrivateFrameworks/ROCKit.framework/Versions/A/ROCKit
0x00000000180f6000 	/System/Library/PrivateFrameworks/CoreWiFi.framework/Versions/A/CoreWiFi
0x00000000180f6000 	/System/Library/Frameworks/CoreBluetooth.framework/Versions/A/CoreBluetooth
0x00000000180f6000 	/System/Library/PrivateFrameworks/DebugSymbols.framework/Versions/A/DebugSymbols
0x00000000180f6000 	/System/Library/PrivateFrameworks/CoreSymbolication.framework/Versions/A/CoreSymbolication
0x00000000180f6000 	/System/Library/PrivateFrameworks/Symbolication.framework/Versions/A/Symbolication
0x00000000180f6000 	/System/Library/PrivateFrameworks/SpeechRecognitionCore.framework/Versions/A/SpeechRecognitionCore
0x0000000105600000 	/Library/Java/JavaVirtualMachines/jdk1.8.0_112.jdk/Contents/Home/jre/lib/server/libjvm.dylib
0x00000000180f6000 	/usr/lib/libstdc++.6.dylib
0x0000000104c55000 	/Library/Java/JavaVirtualMachines/jdk1.8.0_112.jdk/Contents/Home/jre/lib/libverify.dylib
0x0000000104c63000 	/Library/Java/JavaVirtualMachines/jdk1.8.0_112.jdk/Contents/Home/jre/lib/libjava.dylib
0x0000000104ce2000 	/Library/Java/JavaVirtualMachines/jdk1.8.0_112.jdk/Contents/Home/jre/lib/libzip.dylib
0x00000000180f6000 	/System/Library/Frameworks/JavaVM.framework/Versions/A/Frameworks/JavaRuntimeSupport.framework/Versions/A/JavaRuntimeSupport
0x00000000180f6000 	/System/Library/Frameworks/JavaVM.framework/Versions/A/Frameworks/JavaNativeFoundation.framework/Versions/A/JavaNativeFoundation
0x00000000180f6000 	/System/Library/Frameworks/JavaVM.framework/Versions/A/JavaVM
0x00000000180f6000 	/System/Library/Frameworks/Carbon.framework/Versions/A/Carbon
0x00000000180f6000 	/System/Library/PrivateFrameworks/JavaLaunching.framework/Versions/A/JavaLaunching
0x00000000180f6000 	/System/Library/Frameworks/Carbon.framework/Versions/A/Frameworks/CommonPanels.framework/Versions/A/CommonPanels
0x00000000180f6000 	/System/Library/Frameworks/Carbon.framework/Versions/A/Frameworks/Help.framework/Versions/A/Help
0x00000000180f6000 	/System/Library/Frameworks/Carbon.framework/Versions/A/Frameworks/ImageCapture.framework/Versions/A/ImageCapture
0x00000000180f6000 	/System/Library/Frameworks/Carbon.framework/Versions/A/Frameworks/OpenScripting.framework/Versions/A/OpenScripting
0x00000000180f6000 	/System/Library/Frameworks/Carbon.framework/Versions/A/Frameworks/Print.framework/Versions/A/Print
0x00000000180f6000 	/System/Library/Frameworks/Carbon.framework/Versions/A/Frameworks/SecurityHI.framework/Versions/A/SecurityHI
0x000000010c5c9000 	/Library/Java/JavaVirtualMachines/jdk1.8.0_112.jdk/Contents/Home/jre/lib/libmanagement.dylib
0x000000010c679000 	/Library/Java/JavaVirtualMachines/jdk1.8.0_112.jdk/Contents/Home/jre/lib/libnet.dylib
0x000000010c606000 	/Library/Java/JavaVirtualMachines/jdk1.8.0_112.jdk/Contents/Home/jre/lib/libnio.dylib

VM Arguments:
jvm_args: -Dfile.encoding=UTF-8 
java_command: com.example.resfulwebservices.ResfulWebServicesApplication
java_class_path (initial): /Users/tejasneema/Downloads/resful-web-services/target/classes:/Users/tejasneema/.m2/repository/org/springframework/boot/spring-boot-starter-data-jpa/2.2.0.BUILD-SNAPSHOT/spring-boot-starter-data-jpa-2.2.0.BUILD-SNAPSHOT.jar:/Users/tejasneema/.m2/repository/org/springframework/boot/spring-boot-starter-aop/2.2.0.BUILD-SNAPSHOT/spring-boot-starter-aop-2.2.0.BUILD-SNAPSHOT.jar:/Users/tejasneema/.m2/repository/org/springframework/spring-aop/5.2.0.M1/spring-aop-5.2.0.M1.jar:/Users/tejasneema/.m2/repository/org/aspectj/aspectjweaver/1.9.3/aspectjweaver-1.9.3.jar:/Users/tejasneema/.m2/repository/org/springframework/boot/spring-boot-starter-jdbc/2.2.0.BUILD-SNAPSHOT/spring-boot-starter-jdbc-2.2.0.BUILD-SNAPSHOT.jar:/Users/tejasneema/.m2/repository/com/zaxxer/HikariCP/3.3.1/HikariCP-3.3.1.jar:/Users/tejasneema/.m2/repository/org/springframework/spring-jdbc/5.2.0.M1/spring-jdbc-5.2.0.M1.jar:/Users/tejasneema/.m2/repository/jakarta/activation/jakarta.activation-api/1.2.1/jakarta.activation-api-1.2.1.jar:/Users/tejasneema/.m2/repository/jakarta/persistence/jakarta.persistence-api/2.2.2/jakarta.persistence-api-2.2.2.jar:/Users/tejasneema/.m2/repository/jakarta/transaction/jakarta.transaction-api/1.3.2/jakarta.transaction-api-1.3.2.jar:/Users/tejasneema/.m2/repository/org/hibernate/hibernate-core/5.4.2.Final/hibernate-core-5.4.2.Final.jar:/Users/tejasneema/.m2/repository/org/jboss/logging/jboss-logging/3.3.2.Final/jboss-logging-3.3.2.Final.jar:/Users/tejasneema/.m2/repository/org/javassist/javassist/3.24.0-GA/javassist-3.24.0-GA.jar:/Users/tejasneema/.m2/repository/net/bytebuddy/byte-buddy/1.9.12/byte-buddy-1.9.12.jar:/Users/tejasneema/.m2/repository/antlr/antlr/2.7.7/antlr-2.7.7.jar:/Users/tejasneema/.m2/repository/org/jboss/jandex/2.0.5.Final/jandex-2.0.5.Final.jar:/Users/tejasneema/.m2/repository/com/fasterxml/classmate/1.5.0/classmate-1.5.0.jar:/Users/tejasneema/.m2/repository/org/dom4j/dom4j/2.1.1/dom4j-2.1.1.jar:/Users/tejasneema/.m2/repository/
Launcher Type: SUN_STANDARD

Environment Variables:
PATH=/usr/bin:/bin:/usr/sbin:/sbin
SHELL=/bin/bash

Signal Handlers:
SIGSEGV: [libjvm.dylib+0x5b11a5], sa_mask[0]=11111111011111110111111111111111, sa_flags=SA_ONSTACK|SA_RESTART|SA_SIGINFO
SIGBUS: [libjvm.dylib+0x5b11a5], sa_mask[0]=11111111011111110111111111111111, sa_flags=SA_RESTART|SA_SIGINFO
SIGFPE: [libjvm.dylib+0x487dc0], sa_mask[0]=11111111011111110111111111111111, sa_flags=SA_RESTART|SA_SIGINFO
SIGPIPE: [libjvm.dylib+0x487dc0], sa_mask[0]=11111111011111110111111111111111, sa_flags=SA_RESTART|SA_SIGINFO
SIGXFSZ: [libjvm.dylib+0x487dc0], sa_mask[0]=11111111011111110111111111111111, sa_flags=SA_RESTART|SA_SIGINFO
SIGILL: [libjvm.dylib+0x487dc0], sa_mask[0]=11111111011111110111111111111111, sa_flags=SA_RESTART|SA_SIGINFO
SIGUSR1: SIG_DFL, sa_mask[0]=00000000000000000000000000000000, sa_flags=none
SIGUSR2: [libjvm.dylib+0x4878de], sa_mask[0]=00100000000000000000000000000000, sa_flags=SA_RESTART|SA_SIGINFO
SIGHUP: [libjvm.dylib+0x485eb5], sa_mask[0]=11111111011111110111111111111111, sa_flags=SA_RESTART|SA_SIGINFO
SIGINT: [libjvm.dylib+0x485eb5], sa_mask[0]=11111111011111110111111111111111, sa_flags=SA_RESTART|SA_SIGINFO
SIGTERM: [libjvm.dylib+0x485eb5], sa_mask[0]=11111111011111110111111111111111, sa_flags=SA_RESTART|SA_SIGINFO
SIGQUIT: [libjvm.dylib+0x485eb5], sa_mask[0]=11111111011111110111111111111111, sa_flags=SA_RESTART|SA_SIGINFO


---------------  S Y S T E M  ---------------

OS:Bsduname:Darwin 18.5.0 Darwin Kernel Version 18.5.0: Mon Mar 11 20:40:32 PDT 2019; root:xnu-4903.251.3~3/RELEASE_X86_64 x86_64
rlimit: STACK 8192k, CORE 0k, NPROC 709, NOFILE 10240, AS infinity
load average:3.90 3.58 3.28

CPU:total 4 (2 cores per cpu, 2 threads per core) family 6 model 69 stepping 1, cmov, cx8, fxsr, mmx, sse, sse2, sse3, ssse3, sse4.1, sse4.2, popcnt, avx, avx2, aes, clmul, erms, lzcnt, ht, tsc, tscinvbit, bmi1, bmi2

Memory: 4k page, physical 4194304k(20836k free)

/proc/meminfo:


vm_info: Java HotSpot(TM) 64-Bit Server VM (25.112-b16) for bsd-amd64 JRE (1.8.0_112-b16), built on Sep 30 2016 22:41:41 by "java_re" with gcc 4.2.1 (Based on Apple Inc. build 5658) (LLVM build 2336.11.00)

time: Tue Apr 30 14:28:22 2019
elapsed time: 929 seconds (0d 0h 15m 29s)

